已經開始建置於 2015/11/27 下午 02:18:18。
     1>節點 2 (Build 目標) 上的專案 "C:\Users\ohohyeah\Documents\Visual Studio 2012\Projects\image_processing_hw2\image_processing_hw2\image_processing_hw2.vcxproj"。
     1>ClCompile:
         D:\VS2012\VC\bin\x86_amd64\CL.exe /c /ID:\opencv\build\include\opencv2 /ID:\opencv\build\include\opencv /ID:\opencv\build\include /Zi /nologo /W3 /WX- /Od /D WIN32 /D _DEBUG /D _CONSOLE /D _UNICODE /D UNICODE /Gm /EHsc /RTC1 /MDd /GS /fp:precise /Zc:wchar_t /Zc:forScope /Fo"x64\Debug\\" /Fd"x64\Debug\vc110.pdb" /Gd /TP /errorReport:prompt ..\..\..\..\..\Desktop\e24016336hw1.cpp
         e24016336hw1.cpp
     1>D:\opencv\build\include\opencv2/core/mat.hpp(1965): warning C4819: 檔案含有無法在目前字碼頁 (950) 中表示的字元。請以 Unicode 格式儲存檔案以防止資料遺失
     1>D:\opencv\build\include\opencv2/core/persistence.hpp : warning C4819: 檔案含有無法在目前字碼頁 (950) 中表示的字元。請以 Unicode 格式儲存檔案以防止資料遺失
     1>D:\opencv\build\include\opencv2/core/utility.hpp : warning C4819: 檔案含有無法在目前字碼頁 (950) 中表示的字元。請以 Unicode 格式儲存檔案以防止資料遺失
     1>..\..\..\..\..\Desktop\e24016336hw1.cpp(63): warning C4244: '=' : 將 'double' 轉換為 'uchar'，由於型別不同，可能導致資料遺失
     1>..\..\..\..\..\Desktop\e24016336hw1.cpp(265): warning C4244: '=' : 將 'double' 轉換為 'int'，由於型別不同，可能導致資料遺失
     1>..\..\..\..\..\Desktop\e24016336hw1.cpp(270): warning C4244: '=' : 將 'double' 轉換為 'int'，由於型別不同，可能導致資料遺失
     1>c:\users\ohohyeah\desktop\e24016336hw1.cpp(184): warning C4700: 使用了未初始化的區域變數 'alpha_slider_max'
       Link:
         D:\VS2012\VC\bin\x86_amd64\link.exe /ERRORREPORT:PROMPT /OUT:"C:\Users\ohohyeah\Documents\Visual Studio 2012\Projects\image_processing_hw2\x64\Debug\image_processing_hw2.exe" /INCREMENTAL /NOLOGO /LIBPATH:D:\opencv\build\x64\vc11\lib opencv_ts300d.lib opencv_world300d.lib kernel32.lib user32.lib gdi32.lib winspool.lib comdlg32.lib advapi32.lib shell32.lib ole32.lib oleaut32.lib uuid.lib odbc32.lib odbccp32.lib /MANIFEST /MANIFESTUAC:"level='asInvoker' uiAccess='false'" /manifest:embed /DEBUG /PDB:"C:\Users\ohohyeah\Documents\Visual Studio 2012\Projects\image_processing_hw2\x64\Debug\image_processing_hw2.pdb" /SUBSYSTEM:CONSOLE /TLBID:1 /DYNAMICBASE /NXCOMPAT /IMPLIB:"C:\Users\ohohyeah\Documents\Visual Studio 2012\Projects\image_processing_hw2\x64\Debug\image_processing_hw2.lib" /MACHINE:X64 x64\Debug\e24016336hw1.obj
     1>e24016336hw1.obj : error LNK2019: 無法解析的外部符號 "void __cdecl on_trackbar(int,void *)" (?on_trackbar@@YAXHPEAX@Z) 在函式 main 中被參考
     1>C:\Users\ohohyeah\Documents\Visual Studio 2012\Projects\image_processing_hw2\x64\Debug\image_processing_hw2.exe : fatal error LNK1120: 1 個無法解析的外部符號
     1>專案 "C:\Users\ohohyeah\Documents\Visual Studio 2012\Projects\image_processing_hw2\image_processing_hw2\image_processing_hw2.vcxproj" (Build 目標) 建置完成 -- 失敗。

建置失敗。

經過時間 00:00:01.68
