已經開始建置於 2015/10/21 下午 02:16:40。
     1>節點 2 (Build 目標) 上的專案 "C:\Users\ohohyeah\Documents\Visual Studio 2012\Projects\image_processing_hw2\image_processing_hw2\image_processing_hw2.vcxproj"。
     1>ClCompile:
         D:\VS2012\VC\bin\CL.exe /c /ID:\opencv\build\include\opencv2 /ID:\opencv\build\include\opencv /ID:\opencv\build\include /ZI /nologo /W3 /WX- /Od /Oy- /D WIN32 /D _DEBUG /D _CONSOLE /D _UNICODE /D UNICODE /Gm /EHsc /RTC1 /MDd /GS /fp:precise /Zc:wchar_t /Zc:forScope /Fo"Debug\\" /Fd"Debug\vc110.pdb" /Gd /TP /analyze- /errorReport:prompt ..\..\..\..\..\Desktop\hw2.cpp
         hw2.cpp
     1>d:\opencv\build\include\opencv2\core\mat.hpp(1965): warning C4819: 檔案含有無法在目前字碼頁 (950) 中表示的字元。請以 Unicode 格式儲存檔案以防止資料遺失
     1>d:\opencv\build\include\opencv2\core\persistence.hpp : warning C4819: 檔案含有無法在目前字碼頁 (950) 中表示的字元。請以 Unicode 格式儲存檔案以防止資料遺失
     1>d:\opencv\build\include\opencv2\core\utility.hpp : warning C4819: 檔案含有無法在目前字碼頁 (950) 中表示的字元。請以 Unicode 格式儲存檔案以防止資料遺失
       Link:
         D:\VS2012\VC\bin\link.exe /ERRORREPORT:PROMPT /OUT:"C:\Users\ohohyeah\Documents\Visual Studio 2012\Projects\image_processing_hw2\Debug\image_processing_hw2.exe" /INCREMENTAL /NOLOGO /LIBPATH:D:\opencv\build\x64\vc11\lib opencv_ts300d.lib opencv_world300d.lib kernel32.lib user32.lib gdi32.lib winspool.lib comdlg32.lib advapi32.lib shell32.lib ole32.lib oleaut32.lib uuid.lib odbc32.lib odbccp32.lib /MANIFEST /MANIFESTUAC:"level='asInvoker' uiAccess='false'" /manifest:embed /DEBUG /PDB:"C:\Users\ohohyeah\Documents\Visual Studio 2012\Projects\image_processing_hw2\Debug\image_processing_hw2.pdb" /SUBSYSTEM:CONSOLE /TLBID:1 /DYNAMICBASE /NXCOMPAT /IMPLIB:"C:\Users\ohohyeah\Documents\Visual Studio 2012\Projects\image_processing_hw2\Debug\image_processing_hw2.lib" /MACHINE:X86 Debug\hw2.obj
     1>opencv_world300d.lib(opencv_world300d.dll) : fatal error LNK1112: 模組電腦類型 'x64' 與目標電腦類型 'X86' 衝突
     1>C:\Program Files (x86)\MSBuild\Microsoft.Cpp\v4.0\V110\Microsoft.CppCommon.targets(611,5): error MSB6006: "link.exe" 以返回碼 1112 結束。
     1>專案 "C:\Users\ohohyeah\Documents\Visual Studio 2012\Projects\image_processing_hw2\image_processing_hw2\image_processing_hw2.vcxproj" (Build 目標) 建置完成 -- 失敗。

建置失敗。

經過時間 00:00:02.68
